# JRE version: OpenJDK Runtime Environment (8.0_152-b01) (build 1.8.0_152-release-1248-b01)
# Java VM: OpenJDK 64-Bit Server VM (25.152-b01 mixed mode windows-amd64 compressed oops)
Heap:
 PSYoungGen      total 430080K, used 135989K [0x00000000e0000000, 0x00000000ff180000, 0x0000000100000000)
  eden space 347648K, 33% used [0x00000000e0000000,0x00000000e71dd708,0x00000000f5380000)
  from space 82432K, 23% used [0x00000000f5380000,0x00000000f666fd88,0x00000000fa400000)
  to   space 78848K, 0% used [0x00000000fa480000,0x00000000fa480000,0x00000000ff180000)
 ParOldGen       total 429056K, used 42640K [0x00000000a0000000, 0x00000000ba300000, 0x00000000e0000000)
  object space 429056K, 9% used [0x00000000a0000000,0x00000000a29a4100,0x00000000ba300000)
 Metaspace       used 93965K, capacity 98588K, committed 100904K, reserved 1136640K
  class space    used 11494K, capacity 12325K, committed 12848K, reserved 1048576K
GC Heap History (10 events):
Event: 6624.815 GC heap before
{Heap before GC invocations=89 (full 16):
 PSYoungGen      total 429056K, used 344826K [0x00000000e0000000, 0x0000000100000000, 0x0000000100000000)
  eden space 335872K, 100% used [0x00000000e0000000,0x00000000f4800000,0x00000000f4800000)
  from space 93184K, 9% used [0x00000000fa180000,0x00000000faa3e870,0x00000000ffc80000)
  to   space 91648K, 0% used [0x00000000f4800000,0x00000000f4800000,0x00000000fa180000)
 ParOldGen       total 429056K, used 42600K [0x00000000a0000000, 0x00000000ba300000, 0x00000000e0000000)
  object space 429056K, 9% used [0x00000000a0000000,0x00000000a299a100,0x00000000ba300000)
 Metaspace       used 93361K, capacity 97850K, committed 100136K, reserved 1136640K
  class space    used 11466K, capacity 12298K, committed 12848K, reserved 1048576K
Event: 6624.828 GC heap after
Heap after GC invocations=89 (full 16):
 PSYoungGen      total 427520K, used 13265K [0x00000000e0000000, 0x00000000ff880000, 0x0000000100000000)
  eden space 335872K, 0% used [0x00000000e0000000,0x00000000e0000000,0x00000000f4800000)
  from space 91648K, 14% used [0x00000000f4800000,0x00000000f54f47d8,0x00000000fa180000)
  to   space 88576K, 0% used [0x00000000fa200000,0x00000000fa200000,0x00000000ff880000)
 ParOldGen       total 429056K, used 42608K [0x00000000a0000000, 0x00000000ba300000, 0x00000000e0000000)
  object space 429056K, 9% used [0x00000000a0000000,0x00000000a299c100,0x00000000ba300000)
 Metaspace       used 93361K, capacity 97850K, committed 100136K, reserved 1136640K
  class space    used 11466K, capacity 12298K, committed 12848K, reserved 1048576K
}
Event: 6626.637 GC heap before
{Heap before GC invocations=90 (full 16):
 PSYoungGen      total 427520K, used 349137K [0x00000000e0000000, 0x00000000ff880000, 0x0000000100000000)
  eden space 335872K, 100% used [0x00000000e0000000,0x00000000f4800000,0x00000000f4800000)
  from space 91648K, 14% used [0x00000000f4800000,0x00000000f54f47d8,0x00000000fa180000)
  to   space 88576K, 0% used [0x00000000fa200000,0x00000000fa200000,0x00000000ff880000)
 ParOldGen       total 429056K, used 42608K [0x00000000a0000000, 0x00000000ba300000, 0x00000000e0000000)
  object space 429056K, 9% used [0x00000000a0000000,0x00000000a299c100,0x00000000ba300000)
 Metaspace       used 93467K, capacity 97996K, committed 100392K, reserved 1136640K
  class space    used 11471K, capacity 12301K, committed 12848K, reserved 1048576K
Event: 6626.654 GC heap after
Heap after GC invocations=90 (full 16):
 PSYoungGen      total 428544K, used 16394K [0x00000000e0000000, 0x00000000ff580000, 0x0000000100000000)
  eden space 343040K, 0% used [0x00000000e0000000,0x00000000e0000000,0x00000000f4f00000)
  from space 85504K, 19% used [0x00000000fa200000,0x00000000fb202ad0,0x00000000ff580000)
  to   space 84992K, 0% used [0x00000000f4f00000,0x00000000f4f00000,0x00000000fa200000)
 ParOldGen       total 429056K, used 42616K [0x00000000a0000000, 0x00000000ba300000, 0x00000000e0000000)
  object space 429056K, 9% used [0x00000000a0000000,0x00000000a299e100,0x00000000ba300000)
 Metaspace       used 93467K, capacity 97996K, committed 100392K, reserved 1136640K
  class space    used 11471K, capacity 12301K, committed 12848K, reserved 1048576K
}
Event: 6628.465 GC heap before
{Heap before GC invocations=91 (full 16):
 PSYoungGen      total 428544K, used 359434K [0x00000000e0000000, 0x00000000ff580000, 0x0000000100000000)
  eden space 343040K, 100% used [0x00000000e0000000,0x00000000f4f00000,0x00000000f4f00000)
  from space 85504K, 19% used [0x00000000fa200000,0x00000000fb202ad0,0x00000000ff580000)
  to   space 84992K, 0% used [0x00000000f4f00000,0x00000000f4f00000,0x00000000fa200000)
 ParOldGen       total 429056K, used 42616K [0x00000000a0000000, 0x00000000ba300000, 0x00000000e0000000)
  object space 429056K, 9% used [0x00000000a0000000,0x00000000a299e100,0x00000000ba300000)
 Metaspace       used 93477K, capacity 97996K, committed 100392K, reserved 1136640K
  class space    used 11471K, capacity 12301K, committed 12848K, reserved 1048576K
Event: 6628.477 GC heap after
Heap after GC invocations=91 (full 16):
 PSYoungGen      total 428032K, used 17978K [0x00000000e0000000, 0x00000000ff300000, 0x0000000100000000)
  eden space 343040K, 0% used [0x00000000e0000000,0x00000000e0000000,0x00000000f4f00000)
  from space 84992K, 21% used [0x00000000f4f00000,0x00000000f608ea30,0x00000000fa200000)
  to   space 80896K, 0% used [0x00000000fa400000,0x00000000fa400000,0x00000000ff300000)
 ParOldGen       total 429056K, used 42624K [0x00000000a0000000, 0x00000000ba300000, 0x00000000e0000000)
  object space 429056K, 9% used [0x00000000a0000000,0x00000000a29a0100,0x00000000ba300000)
 Metaspace       used 93477K, capacity 97996K, committed 100392K, reserved 1136640K
  class space    used 11471K, capacity 12301K, committed 12848K, reserved 1048576K
}
Event: 6631.813 GC heap before
{Heap before GC invocations=92 (full 16):
 PSYoungGen      total 428032K, used 361018K [0x00000000e0000000, 0x00000000ff300000, 0x0000000100000000)
  eden space 343040K, 100% used [0x00000000e0000000,0x00000000f4f00000,0x00000000f4f00000)
  from space 84992K, 21% used [0x00000000f4f00000,0x00000000f608ea30,0x00000000fa200000)
  to   space 80896K, 0% used [0x00000000fa400000,0x00000000fa400000,0x00000000ff300000)
 ParOldGen       total 429056K, used 42624K [0x00000000a0000000, 0x00000000ba300000, 0x00000000e0000000)
  object space 429056K, 9% used [0x00000000a0000000,0x00000000a29a0100,0x00000000ba300000)
 Metaspace       used 93663K, capacity 98204K, committed 100648K, reserved 1136640K
  class space    used 11478K, capacity 12305K, committed 12848K, reserved 1048576K
Event: 6631.843 GC heap after
Heap after GC invocations=92 (full 16):
 PSYoungGen      total 428544K, used 45044K [0x00000000e0000000, 0x00000000ff500000, 0x0000000100000000)
  eden space 347648K, 0% used [0x00000000e0000000,0x00000000e0000000,0x00000000f5380000)
  from space 80896K, 55% used [0x00000000fa400000,0x00000000fcffd110,0x00000000ff300000)
  to   space 82432K, 0% used [0x00000000f5380000,0x00000000f5380000,0x00000000fa400000)
 ParOldGen       total 429056K, used 42632K [0x00000000a0000000, 0x00000000ba300000, 0x00000000e0000000)
  object space 429056K, 9% used [0x00000000a0000000,0x00000000a29a2100,0x00000000ba300000)
 Metaspace       used 93663K, capacity 98204K, committed 100648K, reserved 1136640K
  class space    used 11478K, capacity 12305K, committed 12848K, reserved 1048576K
}
Event: 6655.501 GC heap before
{Heap before GC invocations=93 (full 16):
 PSYoungGen      total 428544K, used 392692K [0x00000000e0000000, 0x00000000ff500000, 0x0000000100000000)
  eden space 347648K, 100% used [0x00000000e0000000,0x00000000f5380000,0x00000000f5380000)
  from space 80896K, 55% used [0x00000000fa400000,0x00000000fcffd110,0x00000000ff300000)
  to   space 82432K, 0% used [0x00000000f5380000,0x00000000f5380000,0x00000000fa400000)
 ParOldGen       total 429056K, used 42632K [0x00000000a0000000, 0x00000000ba300000, 0x00000000e0000000)
  object space 429056K, 9% used [0x00000000a0000000,0x00000000a29a2100,0x00000000ba300000)
 Metaspace       used 93903K, capacity 98524K, committed 100648K, reserved 1136640K
  class space    used 11493K, capacity 12325K, committed 12848K, reserved 1048576K
Event: 6655.517 GC heap after
Heap after GC invocations=93 (full 16):
 PSYoungGen      total 430080K, used 19391K [0x00000000e0000000, 0x00000000ff180000, 0x0000000100000000)
  eden space 347648K, 0% used [0x00000000e0000000,0x00000000e0000000,0x00000000f5380000)
  from space 82432K, 23% used [0x00000000f5380000,0x00000000f666fd88,0x00000000fa400000)
  to   space 78848K, 0% used [0x00000000fa480000,0x00000000fa480000,0x00000000ff180000)
 ParOldGen       total 429056K, used 42640K [0x00000000a0000000, 0x00000000ba300000, 0x00000000e0000000)
  object space 429056K, 9% used [0x00000000a0000000,0x00000000a29a4100,0x00000000ba300000)
 Metaspace       used 93903K, capacity 98524K, committed 100648K, reserved 1136640K
  class space    used 11493K, capacity 12325K, committed 12848K, reserved 1048576K
}

